<?xml version="1.0" encoding="UTF-8"?>
<!-- Generated by org.testng.reporters.JUnitReportReporter -->
<testsuite hostname="DESKTOP-8OQVO87" name="SNOW.TestCases" tests="2" failures="0" timestamp="15 Dec 2020 10:22:11 GMT" time="0.016" errors="2">
  <testcase name="f" time="0.000" classname="SNOW.TestCases">
    <error type="org.openqa.selenium.SessionNotCreatedException" message="session not created: This version of ChromeDriver only supports Chrome version 85
Build info: version: &#039;3.7.0&#039;, revision: &#039;2321c73&#039;, time: &#039;2017-11-02T22:22:35.584Z&#039;
System info: host: &#039;DESKTOP-8OQVO87&#039;, ip: &#039;192.168.0.105&#039;, os.name: &#039;Windows 10&#039;, os.arch: &#039;amd64&#039;, os.version: &#039;10.0&#039;, java.version: &#039;1.8.0_192&#039;
Driver info: driver.version: ChromeDriver
remote stacktrace: Backtrace:
	Ordinal0 [0x00AFD343+3134275]
	Ordinal0 [0x009EA131+2007345]
	Ordinal0 [0x0088AEC8+569032]
	Ordinal0 [0x0081139F+70559]
	Ordinal0 [0x0080CC63+52323]
	Ordinal0 [0x00830DFC+200188]
	Ordinal0 [0x00830C1D+199709]
	Ordinal0 [0x0082EB0B+191243]
	Ordinal0 [0x00812E77+77431]
	Ordinal0 [0x00813E3E+81470]
	Ordinal0 [0x00813DC9+81353]
	Ordinal0 [0x00A00C99+2100377]
	GetHandleVerifier [0x00C6B71A+1396954]
	GetHandleVerifier [0x00C6B399+1396057]
	GetHandleVerifier [0x00C770E6+1444518]
	GetHandleVerifier [0x00C6BCA8+1398376]
	Ordinal0 [0x009F7F11+2064145]
	Ordinal0 [0x00A022AB+2106027]
	Ordinal0 [0x00A023D1+2106321]
	Ordinal0 [0x00A14984+2181508]
	BaseThreadInitThunk [0x76C16359+25]
	RtlGetAppContainerNamedObjectPath [0x775B8944+228]
	RtlGetAppContainerNamedObjectPath [0x775B8914+180]
">
      <![CDATA[org.openqa.selenium.SessionNotCreatedException: session not created: This version of ChromeDriver only supports Chrome version 85
Build info: version: '3.7.0', revision: '2321c73', time: '2017-11-02T22:22:35.584Z'
System info: host: 'DESKTOP-8OQVO87', ip: '192.168.0.105', os.name: 'Windows 10', os.arch: 'amd64', os.version: '10.0', java.version: '1.8.0_192'
Driver info: driver.version: ChromeDriver
remote stacktrace: Backtrace:
	Ordinal0 [0x00AFD343+3134275]
	Ordinal0 [0x009EA131+2007345]
	Ordinal0 [0x0088AEC8+569032]
	Ordinal0 [0x0081139F+70559]
	Ordinal0 [0x0080CC63+52323]
	Ordinal0 [0x00830DFC+200188]
	Ordinal0 [0x00830C1D+199709]
	Ordinal0 [0x0082EB0B+191243]
	Ordinal0 [0x00812E77+77431]
	Ordinal0 [0x00813E3E+81470]
	Ordinal0 [0x00813DC9+81353]
	Ordinal0 [0x00A00C99+2100377]
	GetHandleVerifier [0x00C6B71A+1396954]
	GetHandleVerifier [0x00C6B399+1396057]
	GetHandleVerifier [0x00C770E6+1444518]
	GetHandleVerifier [0x00C6BCA8+1398376]
	Ordinal0 [0x009F7F11+2064145]
	Ordinal0 [0x00A022AB+2106027]
	Ordinal0 [0x00A023D1+2106321]
	Ordinal0 [0x00A14984+2181508]
	BaseThreadInitThunk [0x76C16359+25]
	RtlGetAppContainerNamedObjectPath [0x775B8944+228]
	RtlGetAppContainerNamedObjectPath [0x775B8914+180]

	at sun.reflect.NativeConstructorAccessorImpl.newInstance0(Native Method)
	at sun.reflect.NativeConstructorAccessorImpl.newInstance(NativeConstructorAccessorImpl.java:62)
	at sun.reflect.DelegatingConstructorAccessorImpl.newInstance(DelegatingConstructorAccessorImpl.java:45)
	at java.lang.reflect.Constructor.newInstance(Constructor.java:423)
	at org.openqa.selenium.remote.W3CHandshakeResponse.lambda$new$0(W3CHandshakeResponse.java:57)
	at org.openqa.selenium.remote.W3CHandshakeResponse.lambda$getResponseFunction$2(W3CHandshakeResponse.java:104)
	at org.openqa.selenium.remote.ProtocolHandshake.lambda$createSession$0(ProtocolHandshake.java:123)
	at java.util.stream.ReferencePipeline$3$1.accept(ReferencePipeline.java:193)
	at java.util.Spliterators$ArraySpliterator.tryAdvance(Spliterators.java:958)
	at java.util.stream.ReferencePipeline.forEachWithCancel(ReferencePipeline.java:126)
	at java.util.stream.AbstractPipeline.copyIntoWithCancel(AbstractPipeline.java:498)
	at java.util.stream.AbstractPipeline.copyInto(AbstractPipeline.java:485)
	at java.util.stream.AbstractPipeline.wrapAndCopyInto(AbstractPipeline.java:471)
	at java.util.stream.FindOps$FindOp.evaluateSequential(FindOps.java:152)
	at java.util.stream.AbstractPipeline.evaluate(AbstractPipeline.java:234)
	at java.util.stream.ReferencePipeline.findFirst(ReferencePipeline.java:464)
	at org.openqa.selenium.remote.ProtocolHandshake.createSession(ProtocolHandshake.java:126)
	at org.openqa.selenium.remote.ProtocolHandshake.createSession(ProtocolHandshake.java:73)
	at org.openqa.selenium.remote.HttpCommandExecutor.execute(HttpCommandExecutor.java:142)
	at org.openqa.selenium.remote.service.DriverCommandExecutor.execute(DriverCommandExecutor.java:83)
	at org.openqa.selenium.remote.RemoteWebDriver.execute(RemoteWebDriver.java:600)
	at org.openqa.selenium.remote.RemoteWebDriver.startSession(RemoteWebDriver.java:219)
	at org.openqa.selenium.remote.RemoteWebDriver.<init>(RemoteWebDriver.java:142)
	at org.openqa.selenium.chrome.ChromeDriver.<init>(ChromeDriver.java:181)
	at org.openqa.selenium.chrome.ChromeDriver.<init>(ChromeDriver.java:168)
	at org.openqa.selenium.chrome.ChromeDriver.<init>(ChromeDriver.java:123)
	at SNOW.TestCases.beforeClass(TestCases.java:64)
	at sun.reflect.NativeMethodAccessorImpl.invoke0(Native Method)
	at sun.reflect.NativeMethodAccessorImpl.invoke(NativeMethodAccessorImpl.java:62)
	at sun.reflect.DelegatingMethodAccessorImpl.invoke(DelegatingMethodAccessorImpl.java:43)
	at java.lang.reflect.Method.invoke(Method.java:498)
	at org.testng.internal.MethodInvocationHelper.invokeMethod(MethodInvocationHelper.java:86)
	at org.testng.internal.Invoker.invokeConfigurationMethod(Invoker.java:514)
	at org.testng.internal.Invoker.invokeConfigurations(Invoker.java:215)
	at org.testng.internal.Invoker.invokeConfigurations(Invoker.java:142)
	at org.testng.internal.TestMethodWorker.invokeBeforeClassMethods(TestMethodWorker.java:178)
	at org.testng.internal.TestMethodWorker.run(TestMethodWorker.java:108)
	at org.testng.TestRunner.privateRun(TestRunner.java:782)
	at org.testng.TestRunner.run(TestRunner.java:632)
	at org.testng.SuiteRunner.runTest(SuiteRunner.java:366)
	at org.testng.SuiteRunner.runSequentially(SuiteRunner.java:361)
	at org.testng.SuiteRunner.privateRun(SuiteRunner.java:319)
	at org.testng.SuiteRunner.run(SuiteRunner.java:268)
	at org.testng.SuiteRunnerWorker.runSuite(SuiteRunnerWorker.java:52)
	at org.testng.SuiteRunnerWorker.run(SuiteRunnerWorker.java:86)
	at org.testng.TestNG.runSuitesSequentially(TestNG.java:1244)
	at org.testng.TestNG.runSuitesLocally(TestNG.java:1169)
	at org.testng.TestNG.run(TestNG.java:1064)
	at org.testng.remote.RemoteTestNG.run(RemoteTestNG.java:113)
	at org.testng.remote.RemoteTestNG.initAndRun(RemoteTestNG.java:206)
	at org.testng.remote.RemoteTestNG.main(RemoteTestNG.java:177)
]]>
    </error>
  </testcase> <!-- f -->
  <testcase name="f" time="0.016" classname="SNOW.TestCases">
    <error type="org.openqa.selenium.SessionNotCreatedException" message="session not created: This version of ChromeDriver only supports Chrome version 85
Build info: version: &#039;3.7.0&#039;, revision: &#039;2321c73&#039;, time: &#039;2017-11-02T22:22:35.584Z&#039;
System info: host: &#039;DESKTOP-8OQVO87&#039;, ip: &#039;192.168.0.105&#039;, os.name: &#039;Windows 10&#039;, os.arch: &#039;amd64&#039;, os.version: &#039;10.0&#039;, java.version: &#039;1.8.0_192&#039;
Driver info: driver.version: ChromeDriver
remote stacktrace: Backtrace:
	Ordinal0 [0x00AFD343+3134275]
	Ordinal0 [0x009EA131+2007345]
	Ordinal0 [0x0088AEC8+569032]
	Ordinal0 [0x0081139F+70559]
	Ordinal0 [0x0080CC63+52323]
	Ordinal0 [0x00830DFC+200188]
	Ordinal0 [0x00830C1D+199709]
	Ordinal0 [0x0082EB0B+191243]
	Ordinal0 [0x00812E77+77431]
	Ordinal0 [0x00813E3E+81470]
	Ordinal0 [0x00813DC9+81353]
	Ordinal0 [0x00A00C99+2100377]
	GetHandleVerifier [0x00C6B71A+1396954]
	GetHandleVerifier [0x00C6B399+1396057]
	GetHandleVerifier [0x00C770E6+1444518]
	GetHandleVerifier [0x00C6BCA8+1398376]
	Ordinal0 [0x009F7F11+2064145]
	Ordinal0 [0x00A022AB+2106027]
	Ordinal0 [0x00A023D1+2106321]
	Ordinal0 [0x00A14984+2181508]
	BaseThreadInitThunk [0x76C16359+25]
	RtlGetAppContainerNamedObjectPath [0x775B8944+228]
	RtlGetAppContainerNamedObjectPath [0x775B8914+180]
">
      <![CDATA[org.openqa.selenium.SessionNotCreatedException: session not created: This version of ChromeDriver only supports Chrome version 85
Build info: version: '3.7.0', revision: '2321c73', time: '2017-11-02T22:22:35.584Z'
System info: host: 'DESKTOP-8OQVO87', ip: '192.168.0.105', os.name: 'Windows 10', os.arch: 'amd64', os.version: '10.0', java.version: '1.8.0_192'
Driver info: driver.version: ChromeDriver
remote stacktrace: Backtrace:
	Ordinal0 [0x00AFD343+3134275]
	Ordinal0 [0x009EA131+2007345]
	Ordinal0 [0x0088AEC8+569032]
	Ordinal0 [0x0081139F+70559]
	Ordinal0 [0x0080CC63+52323]
	Ordinal0 [0x00830DFC+200188]
	Ordinal0 [0x00830C1D+199709]
	Ordinal0 [0x0082EB0B+191243]
	Ordinal0 [0x00812E77+77431]
	Ordinal0 [0x00813E3E+81470]
	Ordinal0 [0x00813DC9+81353]
	Ordinal0 [0x00A00C99+2100377]
	GetHandleVerifier [0x00C6B71A+1396954]
	GetHandleVerifier [0x00C6B399+1396057]
	GetHandleVerifier [0x00C770E6+1444518]
	GetHandleVerifier [0x00C6BCA8+1398376]
	Ordinal0 [0x009F7F11+2064145]
	Ordinal0 [0x00A022AB+2106027]
	Ordinal0 [0x00A023D1+2106321]
	Ordinal0 [0x00A14984+2181508]
	BaseThreadInitThunk [0x76C16359+25]
	RtlGetAppContainerNamedObjectPath [0x775B8944+228]
	RtlGetAppContainerNamedObjectPath [0x775B8914+180]

	at sun.reflect.NativeConstructorAccessorImpl.newInstance0(Native Method)
	at sun.reflect.NativeConstructorAccessorImpl.newInstance(NativeConstructorAccessorImpl.java:62)
	at sun.reflect.DelegatingConstructorAccessorImpl.newInstance(DelegatingConstructorAccessorImpl.java:45)
	at java.lang.reflect.Constructor.newInstance(Constructor.java:423)
	at org.openqa.selenium.remote.W3CHandshakeResponse.lambda$new$0(W3CHandshakeResponse.java:57)
	at org.openqa.selenium.remote.W3CHandshakeResponse.lambda$getResponseFunction$2(W3CHandshakeResponse.java:104)
	at org.openqa.selenium.remote.ProtocolHandshake.lambda$createSession$0(ProtocolHandshake.java:123)
	at java.util.stream.ReferencePipeline$3$1.accept(ReferencePipeline.java:193)
	at java.util.Spliterators$ArraySpliterator.tryAdvance(Spliterators.java:958)
	at java.util.stream.ReferencePipeline.forEachWithCancel(ReferencePipeline.java:126)
	at java.util.stream.AbstractPipeline.copyIntoWithCancel(AbstractPipeline.java:498)
	at java.util.stream.AbstractPipeline.copyInto(AbstractPipeline.java:485)
	at java.util.stream.AbstractPipeline.wrapAndCopyInto(AbstractPipeline.java:471)
	at java.util.stream.FindOps$FindOp.evaluateSequential(FindOps.java:152)
	at java.util.stream.AbstractPipeline.evaluate(AbstractPipeline.java:234)
	at java.util.stream.ReferencePipeline.findFirst(ReferencePipeline.java:464)
	at org.openqa.selenium.remote.ProtocolHandshake.createSession(ProtocolHandshake.java:126)
	at org.openqa.selenium.remote.ProtocolHandshake.createSession(ProtocolHandshake.java:73)
	at org.openqa.selenium.remote.HttpCommandExecutor.execute(HttpCommandExecutor.java:142)
	at org.openqa.selenium.remote.service.DriverCommandExecutor.execute(DriverCommandExecutor.java:83)
	at org.openqa.selenium.remote.RemoteWebDriver.execute(RemoteWebDriver.java:600)
	at org.openqa.selenium.remote.RemoteWebDriver.startSession(RemoteWebDriver.java:219)
	at org.openqa.selenium.remote.RemoteWebDriver.<init>(RemoteWebDriver.java:142)
	at org.openqa.selenium.chrome.ChromeDriver.<init>(ChromeDriver.java:181)
	at org.openqa.selenium.chrome.ChromeDriver.<init>(ChromeDriver.java:168)
	at org.openqa.selenium.chrome.ChromeDriver.<init>(ChromeDriver.java:123)
	at SNOW.TestCases.beforeClass(TestCases.java:64)
	at sun.reflect.NativeMethodAccessorImpl.invoke0(Native Method)
	at sun.reflect.NativeMethodAccessorImpl.invoke(NativeMethodAccessorImpl.java:62)
	at sun.reflect.DelegatingMethodAccessorImpl.invoke(DelegatingMethodAccessorImpl.java:43)
	at java.lang.reflect.Method.invoke(Method.java:498)
	at org.testng.internal.MethodInvocationHelper.invokeMethod(MethodInvocationHelper.java:86)
	at org.testng.internal.Invoker.invokeConfigurationMethod(Invoker.java:514)
	at org.testng.internal.Invoker.invokeConfigurations(Invoker.java:215)
	at org.testng.internal.Invoker.invokeConfigurations(Invoker.java:142)
	at org.testng.internal.TestMethodWorker.invokeBeforeClassMethods(TestMethodWorker.java:178)
	at org.testng.internal.TestMethodWorker.run(TestMethodWorker.java:108)
	at org.testng.TestRunner.privateRun(TestRunner.java:782)
	at org.testng.TestRunner.run(TestRunner.java:632)
	at org.testng.SuiteRunner.runTest(SuiteRunner.java:366)
	at org.testng.SuiteRunner.runSequentially(SuiteRunner.java:361)
	at org.testng.SuiteRunner.privateRun(SuiteRunner.java:319)
	at org.testng.SuiteRunner.run(SuiteRunner.java:268)
	at org.testng.SuiteRunnerWorker.runSuite(SuiteRunnerWorker.java:52)
	at org.testng.SuiteRunnerWorker.run(SuiteRunnerWorker.java:86)
	at org.testng.TestNG.runSuitesSequentially(TestNG.java:1244)
	at org.testng.TestNG.runSuitesLocally(TestNG.java:1169)
	at org.testng.TestNG.run(TestNG.java:1064)
	at org.testng.remote.RemoteTestNG.run(RemoteTestNG.java:113)
	at org.testng.remote.RemoteTestNG.initAndRun(RemoteTestNG.java:206)
	at org.testng.remote.RemoteTestNG.main(RemoteTestNG.java:177)
]]>
    </error>
  </testcase> <!-- f -->
</testsuite> <!-- SNOW.TestCases -->
